Arguments: 
  C:\Program Files\nodejs\node.exe C:\Users\USER\AppData\Roaming\npm\node_modules\yarn\bin\yarn.js init

PATH: 
  C:\Users\USER\bin;C:\Program Files\Git\mingw64\bin;C:\Program Files\Git\usr\local\bin;C:\Program Files\Git\usr\bin;C:\Program Files\Git\usr\bin;C:\Program Files\Git\mingw64\bin;C:\Program Files\Git\usr\bin;C:\Users\USER\bin;C:\Program Files (x86)\Common Files\Oracle\Java\javapath;C:\ProgramData\DockerDesktop\version-bin;C:\Program Files\Docker\Docker\Resources\bin;C:\Program Files (x86)\Intel\Intel(R) Management Engine Components\iCLS;C:\Program Files\Intel\Intel(R) Management Engine Components\iCLS;C:\Windows\system32;C:\Windows;C:\Windows\System32\Wbem;C:\Windows\System32\WindowsPowerShell\v1.0;C:\Windows\System32\OpenSSH;C:\Program Files (x86)\Intel\Intel(R) Management Engine Components\DAL;C:\Program Files\Intel\Intel(R) Management Engine Components\DAL;C:\Program Files (x86)\Intel\Intel(R) Management Engine Components\IPT;C:\Program Files\Intel\Intel(R) Management Engine Components\IPT;C:\Program Files (x86)\NVIDIA Corporation\PhysX\Common;C:\Program Files\nodejs;C:\Program Files (x86)\GitExtensions;C:\Program Files\Chaos Group\V-Ray\AppSDK\bin;C:\Program Files\Common Files\Autodesk Shared;C:\Program Files (x86)\Autodesk\Backburner;C:\Program Files\Git LFS;C:\Program Files\Java\jdk1.8.0_221\bin;C:\Users\USER\AppData\Local\Microsoft\WindowsApps;C:\Users\USER\AppData\Local\Programs\Microsoft VS Code\bin;C:\Users\USER\AppData\Roaming\npm;C:\Program Files\CMake\bin;C:\Program Files\JetBrains\PyCharm Community Edition 2019.1.3\bin;C:\Program Files\JetBrains\IntelliJ IDEA 2019.2\bin;C:\Program Files\Git\usr\bin\vendor_perl;C:\Program Files\Git\usr\bin\core_perl

Yarn version: 
  1.16.0

Node version: 
  10.15.3

Platform: 
  win32 x64

Trace: 
  Error: Can't answer a question unless a user TTY
      at ConsoleReporter.question (C:\Users\USER\AppData\Roaming\npm\node_modules\yarn\lib\cli.js:96033:59)
      at Object.<anonymous> (C:\Users\USER\AppData\Roaming\npm\node_modules\yarn\lib\cli.js:88394:38)
      at Generator.next (<anonymous>)
      at step (C:\Users\USER\AppData\Roaming\npm\node_modules\yarn\lib\cli.js:304:30)
      at C:\Users\USER\AppData\Roaming\npm\node_modules\yarn\lib\cli.js:315:13
      at process._tickCallback (internal/process/next_tick.js:68:7)

npm manifest: 
  {
    "name": "playcanvas-gltf",
    "version": "1.0.0",
    "author": "PlayCanvas <support@playcanvas.com>",
    "homepage": "https://playcanvas.com",
    "description": "PlayCanvas glTF loader",
    "keywords": [
      "playcanvas",
      "gltf",
      "animation",
      "webgl",
      "webgl2",
      "3d"
    ],
    "license": "MIT",
    "main": "viewer/lib/playcanvas-gltf.js",
    "bugs": {
      "url": "https://github.com/playcanvas/playcanvas-gltf/issues"
    },
    "repository": {
      "type": "git",
      "url": "https://github.com/playcanvas/playcanvas-gltf.git"
    },
    "devDependencies": {
      "electron": "6.0.0",
      "electron-packager": "14.0.4",
      "eslint": "^4.19.0",
      "eslint-config-playcanvas": "^1.0.0"
    },
    "scripts": {
      "viewer": "electron ./viewer/main.js",
      "lint": "eslint src/playcanvas-anim.js src/playcanvas-gltf.js"
    },
    "engines": {
      "node": ">= 0.6.12"
    }
  }

yarn manifest: 
  No manifest

Lockfile: 
  No lockfile
